<?xml version="1.0" encoding="UTF-8"?>
<coverage generated="1541209776600" clover="3.2.0">
  <project timestamp="1541209776600" name="All files">
    <metrics statements="59" coveredstatements="54" conditionals="24" coveredconditionals="23" methods="33" coveredmethods="30" elements="116" coveredelements="107" complexity="0" loc="59" ncloc="59" packages="1" files="6" classes="6">
      <file name="App.jsx" path="/Users/alexanderwiederin/Desktop/HackReactor/FEC/Review-Service/client/components/App.jsx">
        <metrics statements="20" coveredstatements="15" conditionals="4" coveredconditionals="4" methods="10" coveredmethods="7"/>
        <line num="10" count="8" type="stmt"/>
        <line num="11" count="8" type="stmt"/>
        <line num="18" count="8" type="stmt"/>
        <line num="19" count="8" type="stmt"/>
        <line num="20" count="8" type="stmt"/>
        <line num="21" count="8" type="stmt"/>
        <line num="25" count="8" type="stmt"/>
        <line num="29" count="8" type="stmt"/>
        <line num="30" count="8" type="stmt"/>
        <line num="32" count="0" type="stmt"/>
        <line num="33" count="0" type="stmt"/>
        <line num="34" count="0" type="stmt"/>
        <line num="39" count="4" type="stmt"/>
        <line num="43" count="0" type="stmt"/>
        <line num="44" count="0" type="stmt"/>
        <line num="48" count="12" type="stmt"/>
        <line num="49" count="12" type="stmt"/>
        <line num="50" count="12" type="stmt"/>
        <line num="51" count="12" type="stmt"/>
        <line num="55" count="4" type="stmt"/>
      </file>
      <file name="OverallStars.jsx" path="/Users/alexanderwiederin/Desktop/HackReactor/FEC/Review-Service/client/components/OverallStars.jsx">
        <metrics statements="4" coveredstatements="4" conditionals="2" coveredconditionals="2" methods="2" coveredmethods="2"/>
        <line num="4" count="2" type="stmt"/>
        <line num="5" count="3" type="stmt"/>
        <line num="6" count="15" type="cond" truecount="2" falsecount="0"/>
        <line num="11" count="2" type="stmt"/>
      </file>
      <file name="ReviewList.jsx" path="/Users/alexanderwiederin/Desktop/HackReactor/FEC/Review-Service/client/components/ReviewList.jsx">
        <metrics statements="14" coveredstatements="14" conditionals="4" coveredconditionals="4" methods="8" coveredmethods="8"/>
        <line num="8" count="6" type="stmt"/>
        <line num="9" count="6" type="stmt"/>
        <line num="12" count="6" type="stmt"/>
        <line num="16" count="3" type="stmt"/>
        <line num="20" count="9" type="stmt"/>
        <line num="21" count="9" type="stmt"/>
        <line num="22" count="9" type="cond" truecount="2" falsecount="0"/>
        <line num="23" count="2" type="stmt"/>
        <line num="26" count="6" type="stmt"/>
        <line num="29" count="1" type="stmt"/>
        <line num="34" count="7" type="stmt"/>
        <line num="37" count="10" type="stmt"/>
        <line num="40" count="2" type="cond" truecount="2" falsecount="0"/>
        <line num="47" count="2" type="stmt"/>
      </file>
      <file name="ReviewListEntry.jsx" path="/Users/alexanderwiederin/Desktop/HackReactor/FEC/Review-Service/client/components/ReviewListEntry.jsx">
        <metrics statements="10" coveredstatements="10" conditionals="8" coveredconditionals="7" methods="6" coveredmethods="6"/>
        <line num="9" count="3" type="stmt"/>
        <line num="10" count="3" type="stmt"/>
        <line num="13" count="3" type="stmt"/>
        <line num="17" count="3" type="stmt"/>
        <line num="21" count="6" type="stmt"/>
        <line num="22" count="6" type="stmt"/>
        <line num="23" count="6" type="stmt"/>
        <line num="46" count="1" type="stmt"/>
        <line num="55" count="2" type="stmt"/>
        <line num="72" count="3" type="stmt"/>
      </file>
      <file name="ReviewStars.jsx" path="/Users/alexanderwiederin/Desktop/HackReactor/FEC/Review-Service/client/components/ReviewStars.jsx">
        <metrics statements="4" coveredstatements="4" conditionals="2" coveredconditionals="2" methods="2" coveredmethods="2"/>
        <line num="4" count="4" type="stmt"/>
        <line num="5" count="1" type="stmt"/>
        <line num="6" count="5" type="cond" truecount="2" falsecount="0"/>
        <line num="12" count="4" type="stmt"/>
      </file>
      <file name="ShippingAndReturns.jsx" path="/Users/alexanderwiederin/Desktop/HackReactor/FEC/Review-Service/client/components/ShippingAndReturns.jsx">
        <metrics statements="7" coveredstatements="7" conditionals="4" coveredconditionals="4" methods="5" coveredmethods="5"/>
        <line num="5" count="3" type="stmt"/>
        <line num="6" count="3" type="stmt"/>
        <line num="9" count="3" type="stmt"/>
        <line num="13" count="1" type="stmt"/>
        <line num="17" count="4" type="stmt"/>
        <line num="18" count="4" type="stmt"/>
        <line num="20" count="1" type="stmt"/>
      </file>
    </metrics>
  </project>
</coverage>
