<?xml version="1.0" encoding="UTF-8"?>
<coverage generated="1540944426152" clover="3.2.0">
  <project timestamp="1540944426153" name="All files">
    <metrics statements="30" coveredstatements="20" conditionals="6" coveredconditionals="1" methods="14" coveredmethods="6" elements="50" coveredelements="27" complexity="0" loc="30" ncloc="30" packages="1" files="5" classes="5">
      <file name="App.jsx" path="/Users/alexanderwiederin/Desktop/HackReactor/FEC/Review-Service/client/components/App.jsx">
        <metrics statements="15" coveredstatements="10" conditionals="0" coveredconditionals="0" methods="7" coveredmethods="4"/>
        <line num="9" count="3" type="stmt"/>
        <line num="10" count="3" type="stmt"/>
        <line num="15" count="3" type="stmt"/>
        <line num="16" count="3" type="stmt"/>
        <line num="17" count="3" type="stmt"/>
        <line num="18" count="3" type="stmt"/>
        <line num="22" count="3" type="stmt"/>
        <line num="26" count="3" type="stmt"/>
        <line num="27" count="3" type="stmt"/>
        <line num="29" count="0" type="stmt"/>
        <line num="30" count="0" type="stmt"/>
        <line num="31" count="0" type="stmt"/>
        <line num="36" count="0" type="stmt"/>
        <line num="37" count="0" type="stmt"/>
        <line num="41" count="3" type="stmt"/>
      </file>
      <file name="OverallStars.jsx" path="/Users/alexanderwiederin/Desktop/HackReactor/FEC/Review-Service/client/components/OverallStars.jsx">
        <metrics statements="4" coveredstatements="4" conditionals="2" coveredconditionals="1" methods="2" coveredmethods="2"/>
        <line num="4" count="2" type="stmt"/>
        <line num="5" count="1" type="stmt"/>
        <line num="7" count="5" type="cond" truecount="1" falsecount="1"/>
        <line num="12" count="2" type="stmt"/>
      </file>
      <file name="ReviewList.jsx" path="/Users/alexanderwiederin/Desktop/HackReactor/FEC/Review-Service/client/components/ReviewList.jsx">
        <metrics statements="4" coveredstatements="2" conditionals="0" coveredconditionals="0" methods="2" coveredmethods="0"/>
        <line num="6" count="1" type="stmt"/>
        <line num="7" count="0" type="stmt"/>
        <line num="8" count="0" type="stmt"/>
        <line num="12" count="1" type="stmt"/>
      </file>
      <file name="ReviewListEntry.jsx" path="/Users/alexanderwiederin/Desktop/HackReactor/FEC/Review-Service/client/components/ReviewListEntry.jsx">
        <metrics statements="3" coveredstatements="2" conditionals="2" coveredconditionals="0" methods="1" coveredmethods="0"/>
        <line num="5" count="1" type="stmt"/>
        <line num="6" count="0" type="stmt"/>
        <line num="28" count="1" type="stmt"/>
      </file>
      <file name="ReviewStars.jsx" path="/Users/alexanderwiederin/Desktop/HackReactor/FEC/Review-Service/client/components/ReviewStars.jsx">
        <metrics statements="4" coveredstatements="2" conditionals="2" coveredconditionals="0" methods="2" coveredmethods="0"/>
        <line num="4" count="1" type="stmt"/>
        <line num="5" count="0" type="stmt"/>
        <line num="7" count="0" type="cond" truecount="0" falsecount="2"/>
        <line num="12" count="1" type="stmt"/>
      </file>
    </metrics>
  </project>
</coverage>
