{"/Users/alexanderwiederin/Desktop/HackReactor/FEC/Review-Service/client/components/App.jsx": {"path":"/Users/alexanderwiederin/Desktop/HackReactor/FEC/Review-Service/client/components/App.jsx","statementMap":{"0":{"start":{"line":9,"column":4},"end":{"line":9,"column":12}},"1":{"start":{"line":10,"column":4},"end":{"line":15,"column":6}},"2":{"start":{"line":17,"column":4},"end":{"line":17,"column":49}},"3":{"start":{"line":18,"column":4},"end":{"line":18,"column":73}},"4":{"start":{"line":19,"column":4},"end":{"line":19,"column":73}},"5":{"start":{"line":20,"column":4},"end":{"line":20,"column":49}},"6":{"start":{"line":24,"column":4},"end":{"line":24,"column":22}},"7":{"start":{"line":28,"column":23},"end":{"line":28,"column":33}},"8":{"start":{"line":29,"column":4},"end":{"line":34,"column":9}},"9":{"start":{"line":31,"column":24},"end":{"line":31,"column":37}},"10":{"start":{"line":32,"column":8},"end":{"line":32,"column":45}},"11":{"start":{"line":33,"column":8},"end":{"line":33,"column":35}},"12":{"start":{"line":38,"column":4},"end":{"line":38,"column":60}},"13":{"start":{"line":38,"column":32},"end":{"line":38,"column":57}},"14":{"start":{"line":42,"column":26},"end":{"line":42,"column":91}},"15":{"start":{"line":42,"column":54},"end":{"line":42,"column":87}},"16":{"start":{"line":43,"column":4},"end":{"line":43,"column":37}},"17":{"start":{"line":47,"column":21},"end":{"line":47,"column":31}},"18":{"start":{"line":48,"column":24},"end":{"line":48,"column":34}},"19":{"start":{"line":49,"column":30},"end":{"line":49,"column":40}},"20":{"start":{"line":50,"column":4},"end":{"line":70,"column":6}},"21":{"start":{"line":52,"column":71},"end":{"line":52,"column":88}}},"fnMap":{"0":{"name":"(anonymous_0)","decl":{"start":{"line":8,"column":2},"end":{"line":8,"column":3}},"loc":{"start":{"line":8,"column":16},"end":{"line":21,"column":3}},"line":8},"1":{"name":"(anonymous_1)","decl":{"start":{"line":23,"column":2},"end":{"line":23,"column":3}},"loc":{"start":{"line":23,"column":22},"end":{"line":25,"column":3}},"line":23},"2":{"name":"(anonymous_2)","decl":{"start":{"line":27,"column":2},"end":{"line":27,"column":3}},"loc":{"start":{"line":27,"column":15},"end":{"line":35,"column":3}},"line":27},"3":{"name":"(anonymous_3)","decl":{"start":{"line":30,"column":12},"end":{"line":30,"column":13}},"loc":{"start":{"line":30,"column":26},"end":{"line":34,"column":7}},"line":30},"4":{"name":"(anonymous_4)","decl":{"start":{"line":37,"column":2},"end":{"line":37,"column":3}},"loc":{"start":{"line":37,"column":15},"end":{"line":39,"column":3}},"line":37},"5":{"name":"(anonymous_5)","decl":{"start":{"line":38,"column":18},"end":{"line":38,"column":19}},"loc":{"start":{"line":38,"column":32},"end":{"line":38,"column":57}},"line":38},"6":{"name":"(anonymous_6)","decl":{"start":{"line":41,"column":2},"end":{"line":41,"column":3}},"loc":{"start":{"line":41,"column":34},"end":{"line":44,"column":3}},"line":41},"7":{"name":"(anonymous_7)","decl":{"start":{"line":42,"column":41},"end":{"line":42,"column":42}},"loc":{"start":{"line":42,"column":54},"end":{"line":42,"column":87}},"line":42},"8":{"name":"(anonymous_8)","decl":{"start":{"line":46,"column":2},"end":{"line":46,"column":3}},"loc":{"start":{"line":46,"column":11},"end":{"line":71,"column":3}},"line":46},"9":{"name":"(anonymous_9)","decl":{"start":{"line":52,"column":65},"end":{"line":52,"column":66}},"loc":{"start":{"line":52,"column":71},"end":{"line":52,"column":88}},"line":52}},"branchMap":{"0":{"loc":{"start":{"line":51,"column":22},"end":{"line":51,"column":53}},"type":"cond-expr","locations":[{"start":{"line":51,"column":29},"end":{"line":51,"column":41}},{"start":{"line":51,"column":44},"end":{"line":51,"column":53}}],"line":51},"1":{"loc":{"start":{"line":60,"column":23},"end":{"line":60,"column":138}},"type":"cond-expr","locations":[{"start":{"line":60,"column":30},"end":{"line":60,"column":78}},{"start":{"line":60,"column":81},"end":{"line":60,"column":138}}],"line":60}},"s":{"0":8,"1":8,"2":8,"3":8,"4":8,"5":8,"6":8,"7":8,"8":8,"9":0,"10":0,"11":0,"12":4,"13":4,"14":0,"15":0,"16":0,"17":12,"18":12,"19":12,"20":12,"21":4},"f":{"0":8,"1":8,"2":8,"3":0,"4":4,"5":4,"6":0,"7":0,"8":12,"9":4},"b":{"0":[3,9],"1":[3,9]},"_coverageSchema":"332fd63041d2c1bcb487cc26dd0d5f7d97098a6c","hash":"24794eca5da83ac1011610806192a1d247259994"}
,"/Users/alexanderwiederin/Desktop/HackReactor/FEC/Review-Service/client/components/OverallStars.jsx": {"path":"/Users/alexanderwiederin/Desktop/HackReactor/FEC/Review-Service/client/components/OverallStars.jsx","statementMap":{"0":{"start":{"line":4,"column":21},"end":{"line":9,"column":1}},"1":{"start":{"line":5,"column":2},"end":{"line":8,"column":9}},"2":{"start":{"line":6,"column":93},"end":{"line":7,"column":79}},"3":{"start":{"line":11,"column":0},"end":{"line":13,"column":2}}},"fnMap":{"0":{"name":"(anonymous_0)","decl":{"start":{"line":4,"column":21},"end":{"line":4,"column":22}},"loc":{"start":{"line":5,"column":2},"end":{"line":8,"column":9}},"line":5},"1":{"name":"(anonymous_1)","decl":{"start":{"line":6,"column":75},"end":{"line":6,"column":76}},"loc":{"start":{"line":6,"column":93},"end":{"line":7,"column":79}},"line":6}},"branchMap":{"0":{"loc":{"start":{"line":6,"column":93},"end":{"line":7,"column":79}},"type":"cond-expr","locations":[{"start":{"line":7,"column":8},"end":{"line":7,"column":42}},{"start":{"line":7,"column":45},"end":{"line":7,"column":79}}],"line":6}},"s":{"0":2,"1":3,"2":15,"3":2},"f":{"0":3,"1":15},"b":{"0":[3,12]},"_coverageSchema":"332fd63041d2c1bcb487cc26dd0d5f7d97098a6c","hash":"b376ecfa3a88c96f0dd387e4712cc1bc6af8c3db"}
,"/Users/alexanderwiederin/Desktop/HackReactor/FEC/Review-Service/client/components/ReviewList.jsx": {"path":"/Users/alexanderwiederin/Desktop/HackReactor/FEC/Review-Service/client/components/ReviewList.jsx","statementMap":{"0":{"start":{"line":8,"column":4},"end":{"line":8,"column":17}},"1":{"start":{"line":9,"column":4},"end":{"line":11,"column":6}},"2":{"start":{"line":12,"column":4},"end":{"line":12,"column":61}},"3":{"start":{"line":16,"column":4},"end":{"line":16,"column":72}},"4":{"start":{"line":16,"column":32},"end":{"line":16,"column":69}},"5":{"start":{"line":20,"column":27},"end":{"line":20,"column":37}},"6":{"start":{"line":21,"column":24},"end":{"line":21,"column":34}},"7":{"start":{"line":22,"column":4},"end":{"line":33,"column":5}},"8":{"start":{"line":23,"column":6},"end":{"line":32,"column":8}},"9":{"start":{"line":26,"column":35},"end":{"line":26,"column":87}},"10":{"start":{"line":29,"column":79},"end":{"line":29,"column":102}},"11":{"start":{"line":34,"column":4},"end":{"line":43,"column":6}},"12":{"start":{"line":37,"column":45},"end":{"line":37,"column":97}},"13":{"start":{"line":40,"column":99},"end":{"line":40,"column":122}},"14":{"start":{"line":47,"column":0},"end":{"line":49,"column":2}}},"fnMap":{"0":{"name":"(anonymous_0)","decl":{"start":{"line":7,"column":2},"end":{"line":7,"column":3}},"loc":{"start":{"line":7,"column":21},"end":{"line":13,"column":3}},"line":7},"1":{"name":"(anonymous_1)","decl":{"start":{"line":15,"column":2},"end":{"line":15,"column":3}},"loc":{"start":{"line":15,"column":21},"end":{"line":17,"column":3}},"line":15},"2":{"name":"(anonymous_2)","decl":{"start":{"line":16,"column":18},"end":{"line":16,"column":19}},"loc":{"start":{"line":16,"column":32},"end":{"line":16,"column":69}},"line":16},"3":{"name":"(anonymous_3)","decl":{"start":{"line":19,"column":2},"end":{"line":19,"column":3}},"loc":{"start":{"line":19,"column":11},"end":{"line":44,"column":3}},"line":19},"4":{"name":"(anonymous_4)","decl":{"start":{"line":26,"column":25},"end":{"line":26,"column":26}},"loc":{"start":{"line":26,"column":35},"end":{"line":26,"column":87}},"line":26},"5":{"name":"(anonymous_5)","decl":{"start":{"line":29,"column":73},"end":{"line":29,"column":74}},"loc":{"start":{"line":29,"column":79},"end":{"line":29,"column":102}},"line":29},"6":{"name":"(anonymous_6)","decl":{"start":{"line":37,"column":35},"end":{"line":37,"column":36}},"loc":{"start":{"line":37,"column":45},"end":{"line":37,"column":97}},"line":37},"7":{"name":"(anonymous_7)","decl":{"start":{"line":40,"column":93},"end":{"line":40,"column":94}},"loc":{"start":{"line":40,"column":99},"end":{"line":40,"column":122}},"line":40}},"branchMap":{"0":{"loc":{"start":{"line":22,"column":4},"end":{"line":33,"column":5}},"type":"if","locations":[{"start":{"line":22,"column":4},"end":{"line":33,"column":5}},{"start":{"line":22,"column":4},"end":{"line":33,"column":5}}],"line":22},"1":{"loc":{"start":{"line":40,"column":11},"end":{"line":40,"column":152}},"type":"cond-expr","locations":[{"start":{"line":40,"column":32},"end":{"line":40,"column":145}},{"start":{"line":40,"column":148},"end":{"line":40,"column":152}}],"line":40}},"s":{"0":6,"1":6,"2":6,"3":3,"4":3,"5":9,"6":9,"7":9,"8":2,"9":6,"10":1,"11":7,"12":10,"13":2,"14":2},"f":{"0":6,"1":3,"2":3,"3":9,"4":6,"5":1,"6":10,"7":2},"b":{"0":[2,7],"1":[5,2]},"_coverageSchema":"332fd63041d2c1bcb487cc26dd0d5f7d97098a6c","hash":"405878c47be9c1a137718e8a5696899c5a5976a6"}
,"/Users/alexanderwiederin/Desktop/HackReactor/FEC/Review-Service/client/components/ReviewListEntry.jsx": {"path":"/Users/alexanderwiederin/Desktop/HackReactor/FEC/Review-Service/client/components/ReviewListEntry.jsx","statementMap":{"0":{"start":{"line":9,"column":4},"end":{"line":9,"column":17}},"1":{"start":{"line":10,"column":4},"end":{"line":12,"column":6}},"2":{"start":{"line":13,"column":4},"end":{"line":13,"column":49}},"3":{"start":{"line":17,"column":4},"end":{"line":17,"column":60}},"4":{"start":{"line":17,"column":32},"end":{"line":17,"column":57}},"5":{"start":{"line":21,"column":23},"end":{"line":21,"column":33}},"6":{"start":{"line":22,"column":21},"end":{"line":22,"column":31}},"7":{"start":{"line":23,"column":4},"end":{"line":68,"column":6}},"8":{"start":{"line":46,"column":57},"end":{"line":46,"column":74}},"9":{"start":{"line":55,"column":57},"end":{"line":55,"column":74}},"10":{"start":{"line":72,"column":0},"end":{"line":74,"column":2}}},"fnMap":{"0":{"name":"(anonymous_0)","decl":{"start":{"line":8,"column":2},"end":{"line":8,"column":3}},"loc":{"start":{"line":8,"column":21},"end":{"line":14,"column":3}},"line":8},"1":{"name":"(anonymous_1)","decl":{"start":{"line":16,"column":2},"end":{"line":16,"column":3}},"loc":{"start":{"line":16,"column":15},"end":{"line":18,"column":3}},"line":16},"2":{"name":"(anonymous_2)","decl":{"start":{"line":17,"column":18},"end":{"line":17,"column":19}},"loc":{"start":{"line":17,"column":32},"end":{"line":17,"column":57}},"line":17},"3":{"name":"(anonymous_3)","decl":{"start":{"line":20,"column":2},"end":{"line":20,"column":3}},"loc":{"start":{"line":20,"column":11},"end":{"line":69,"column":3}},"line":20},"4":{"name":"(anonymous_4)","decl":{"start":{"line":46,"column":51},"end":{"line":46,"column":52}},"loc":{"start":{"line":46,"column":57},"end":{"line":46,"column":74}},"line":46},"5":{"name":"(anonymous_5)","decl":{"start":{"line":55,"column":51},"end":{"line":55,"column":52}},"loc":{"start":{"line":55,"column":57},"end":{"line":55,"column":74}},"line":55}},"branchMap":{"0":{"loc":{"start":{"line":36,"column":9},"end":{"line":66,"column":34}},"type":"cond-expr","locations":[{"start":{"line":38,"column":12},"end":{"line":65,"column":18}},{"start":{"line":66,"column":14},"end":{"line":66,"column":34}}],"line":36},"1":{"loc":{"start":{"line":40,"column":17},"end":{"line":40,"column":63}},"type":"cond-expr","locations":[{"start":{"line":40,"column":24},"end":{"line":40,"column":35}},{"start":{"line":40,"column":38},"end":{"line":40,"column":63}}],"line":40},"2":{"loc":{"start":{"line":41,"column":17},"end":{"line":41,"column":47}},"type":"cond-expr","locations":[{"start":{"line":41,"column":24},"end":{"line":41,"column":28}},{"start":{"line":41,"column":31},"end":{"line":41,"column":47}}],"line":41},"3":{"loc":{"start":{"line":44,"column":17},"end":{"line":62,"column":19}},"type":"cond-expr","locations":[{"start":{"line":46,"column":20},"end":{"line":52,"column":29}},{"start":{"line":55,"column":20},"end":{"line":61,"column":29}}],"line":44}},"s":{"0":3,"1":3,"2":3,"3":3,"4":3,"5":6,"6":6,"7":6,"8":1,"9":2,"10":3},"f":{"0":3,"1":3,"2":3,"3":6,"4":1,"5":2},"b":{"0":[6,0],"1":[2,4],"2":[2,4],"3":[2,4]},"_coverageSchema":"332fd63041d2c1bcb487cc26dd0d5f7d97098a6c","hash":"ce4818e7fb1c824c319c7deae4eb34acfb1e1b80"}
,"/Users/alexanderwiederin/Desktop/HackReactor/FEC/Review-Service/client/components/ReviewStars.jsx": {"path":"/Users/alexanderwiederin/Desktop/HackReactor/FEC/Review-Service/client/components/ReviewStars.jsx","statementMap":{"0":{"start":{"line":4,"column":20},"end":{"line":10,"column":1}},"1":{"start":{"line":5,"column":2},"end":{"line":9,"column":9}},"2":{"start":{"line":6,"column":93},"end":{"line":7,"column":79}},"3":{"start":{"line":12,"column":0},"end":{"line":14,"column":2}}},"fnMap":{"0":{"name":"(anonymous_0)","decl":{"start":{"line":4,"column":20},"end":{"line":4,"column":21}},"loc":{"start":{"line":5,"column":2},"end":{"line":9,"column":9}},"line":5},"1":{"name":"(anonymous_1)","decl":{"start":{"line":6,"column":75},"end":{"line":6,"column":76}},"loc":{"start":{"line":6,"column":93},"end":{"line":7,"column":79}},"line":6}},"branchMap":{"0":{"loc":{"start":{"line":6,"column":93},"end":{"line":7,"column":79}},"type":"cond-expr","locations":[{"start":{"line":7,"column":8},"end":{"line":7,"column":42}},{"start":{"line":7,"column":45},"end":{"line":7,"column":79}}],"line":6}},"s":{"0":4,"1":1,"2":5,"3":4},"f":{"0":1,"1":5},"b":{"0":[4,1]},"_coverageSchema":"332fd63041d2c1bcb487cc26dd0d5f7d97098a6c","hash":"f5985c89e5093e01a1f9f0fc2d7328572c4ab0e7"}
}
