{"/Users/alexanderwiederin/Desktop/HackReactor/FEC/Review-Service/client/components/App.jsx": {"path":"/Users/alexanderwiederin/Desktop/HackReactor/FEC/Review-Service/client/components/App.jsx","statementMap":{"0":{"start":{"line":9,"column":4},"end":{"line":9,"column":12}},"1":{"start":{"line":10,"column":4},"end":{"line":14,"column":6}},"2":{"start":{"line":15,"column":4},"end":{"line":15,"column":22}},"3":{"start":{"line":16,"column":4},"end":{"line":16,"column":49}},"4":{"start":{"line":17,"column":4},"end":{"line":17,"column":73}},"5":{"start":{"line":18,"column":4},"end":{"line":18,"column":73}},"6":{"start":{"line":22,"column":4},"end":{"line":22,"column":22}},"7":{"start":{"line":26,"column":23},"end":{"line":26,"column":33}},"8":{"start":{"line":27,"column":4},"end":{"line":32,"column":9}},"9":{"start":{"line":29,"column":24},"end":{"line":29,"column":37}},"10":{"start":{"line":30,"column":8},"end":{"line":30,"column":45}},"11":{"start":{"line":31,"column":8},"end":{"line":31,"column":35}},"12":{"start":{"line":36,"column":26},"end":{"line":36,"column":91}},"13":{"start":{"line":36,"column":54},"end":{"line":36,"column":87}},"14":{"start":{"line":37,"column":4},"end":{"line":37,"column":37}},"15":{"start":{"line":41,"column":4},"end":{"line":56,"column":6}}},"fnMap":{"0":{"name":"(anonymous_0)","decl":{"start":{"line":8,"column":2},"end":{"line":8,"column":3}},"loc":{"start":{"line":8,"column":16},"end":{"line":19,"column":3}},"line":8},"1":{"name":"(anonymous_1)","decl":{"start":{"line":21,"column":2},"end":{"line":21,"column":3}},"loc":{"start":{"line":21,"column":22},"end":{"line":23,"column":3}},"line":21},"2":{"name":"(anonymous_2)","decl":{"start":{"line":25,"column":2},"end":{"line":25,"column":3}},"loc":{"start":{"line":25,"column":15},"end":{"line":33,"column":3}},"line":25},"3":{"name":"(anonymous_3)","decl":{"start":{"line":28,"column":12},"end":{"line":28,"column":13}},"loc":{"start":{"line":28,"column":26},"end":{"line":32,"column":7}},"line":28},"4":{"name":"(anonymous_4)","decl":{"start":{"line":35,"column":2},"end":{"line":35,"column":3}},"loc":{"start":{"line":35,"column":34},"end":{"line":38,"column":3}},"line":35},"5":{"name":"(anonymous_5)","decl":{"start":{"line":36,"column":41},"end":{"line":36,"column":42}},"loc":{"start":{"line":36,"column":54},"end":{"line":36,"column":87}},"line":36},"6":{"name":"(anonymous_6)","decl":{"start":{"line":40,"column":2},"end":{"line":40,"column":3}},"loc":{"start":{"line":40,"column":11},"end":{"line":57,"column":3}},"line":40}},"branchMap":{},"s":{"0":3,"1":3,"2":3,"3":3,"4":3,"5":3,"6":3,"7":3,"8":3,"9":0,"10":0,"11":0,"12":0,"13":0,"14":0,"15":3},"f":{"0":3,"1":3,"2":3,"3":0,"4":0,"5":0,"6":3},"b":{},"_coverageSchema":"332fd63041d2c1bcb487cc26dd0d5f7d97098a6c","hash":"917ace8b354721f0de3e4e23da3a682ee582aa36"}
,"/Users/alexanderwiederin/Desktop/HackReactor/FEC/Review-Service/client/components/OverallStars.jsx": {"path":"/Users/alexanderwiederin/Desktop/HackReactor/FEC/Review-Service/client/components/OverallStars.jsx","statementMap":{"0":{"start":{"line":4,"column":21},"end":{"line":10,"column":1}},"1":{"start":{"line":5,"column":2},"end":{"line":9,"column":9}},"2":{"start":{"line":7,"column":6},"end":{"line":7,"column":93}},"3":{"start":{"line":12,"column":0},"end":{"line":14,"column":2}}},"fnMap":{"0":{"name":"(anonymous_0)","decl":{"start":{"line":4,"column":21},"end":{"line":4,"column":22}},"loc":{"start":{"line":5,"column":2},"end":{"line":9,"column":9}},"line":5},"1":{"name":"(anonymous_1)","decl":{"start":{"line":6,"column":40},"end":{"line":6,"column":41}},"loc":{"start":{"line":6,"column":57},"end":{"line":8,"column":5}},"line":6}},"branchMap":{"0":{"loc":{"start":{"line":7,"column":13},"end":{"line":7,"column":92}},"type":"cond-expr","locations":[{"start":{"line":7,"column":37},"end":{"line":7,"column":69}},{"start":{"line":7,"column":72},"end":{"line":7,"column":92}}],"line":7}},"s":{"0":2,"1":1,"2":5,"3":2},"f":{"0":1,"1":5},"b":{"0":[0,5]},"_coverageSchema":"332fd63041d2c1bcb487cc26dd0d5f7d97098a6c","hash":"fe94e30102890d511ea66c109a7a6f8f91e46e11"}
,"/Users/alexanderwiederin/Desktop/HackReactor/FEC/Review-Service/client/components/ReviewList.jsx": {"path":"/Users/alexanderwiederin/Desktop/HackReactor/FEC/Review-Service/client/components/ReviewList.jsx","statementMap":{"0":{"start":{"line":6,"column":19},"end":{"line":10,"column":1}},"1":{"start":{"line":7,"column":2},"end":{"line":9,"column":8}},"2":{"start":{"line":8,"column":27},"end":{"line":8,"column":79}},"3":{"start":{"line":12,"column":0},"end":{"line":14,"column":2}}},"fnMap":{"0":{"name":"(anonymous_0)","decl":{"start":{"line":6,"column":19},"end":{"line":6,"column":20}},"loc":{"start":{"line":7,"column":2},"end":{"line":9,"column":8}},"line":7},"1":{"name":"(anonymous_1)","decl":{"start":{"line":8,"column":17},"end":{"line":8,"column":18}},"loc":{"start":{"line":8,"column":27},"end":{"line":8,"column":79}},"line":8}},"branchMap":{},"s":{"0":1,"1":0,"2":0,"3":1},"f":{"0":0,"1":0},"b":{},"_coverageSchema":"332fd63041d2c1bcb487cc26dd0d5f7d97098a6c","hash":"2a941702e0708649f14d9b38f153ee7f47f34f5e"}
,"/Users/alexanderwiederin/Desktop/HackReactor/FEC/Review-Service/client/components/ReviewListEntry.jsx": {"path":"/Users/alexanderwiederin/Desktop/HackReactor/FEC/Review-Service/client/components/ReviewListEntry.jsx","statementMap":{"0":{"start":{"line":5,"column":24},"end":{"line":26,"column":1}},"1":{"start":{"line":6,"column":2},"end":{"line":25,"column":8}},"2":{"start":{"line":28,"column":0},"end":{"line":30,"column":2}}},"fnMap":{"0":{"name":"(anonymous_0)","decl":{"start":{"line":5,"column":24},"end":{"line":5,"column":25}},"loc":{"start":{"line":6,"column":2},"end":{"line":25,"column":8}},"line":6}},"branchMap":{"0":{"loc":{"start":{"line":18,"column":5},"end":{"line":24,"column":30}},"type":"cond-expr","locations":[{"start":{"line":20,"column":8},"end":{"line":23,"column":12}},{"start":{"line":24,"column":10},"end":{"line":24,"column":30}}],"line":18}},"s":{"0":1,"1":0,"2":1},"f":{"0":0},"b":{"0":[0,0]},"_coverageSchema":"332fd63041d2c1bcb487cc26dd0d5f7d97098a6c","hash":"ff787036fa240574eb2edf370214f46be053ee6b"}
,"/Users/alexanderwiederin/Desktop/HackReactor/FEC/Review-Service/client/components/ReviewStars.jsx": {"path":"/Users/alexanderwiederin/Desktop/HackReactor/FEC/Review-Service/client/components/ReviewStars.jsx","statementMap":{"0":{"start":{"line":4,"column":20},"end":{"line":10,"column":1}},"1":{"start":{"line":5,"column":2},"end":{"line":9,"column":9}},"2":{"start":{"line":7,"column":6},"end":{"line":7,"column":86}},"3":{"start":{"line":12,"column":0},"end":{"line":14,"column":2}}},"fnMap":{"0":{"name":"(anonymous_0)","decl":{"start":{"line":4,"column":20},"end":{"line":4,"column":21}},"loc":{"start":{"line":5,"column":2},"end":{"line":9,"column":9}},"line":5},"1":{"name":"(anonymous_1)","decl":{"start":{"line":6,"column":40},"end":{"line":6,"column":41}},"loc":{"start":{"line":6,"column":57},"end":{"line":8,"column":5}},"line":6}},"branchMap":{"0":{"loc":{"start":{"line":7,"column":13},"end":{"line":7,"column":85}},"type":"cond-expr","locations":[{"start":{"line":7,"column":30},"end":{"line":7,"column":62}},{"start":{"line":7,"column":65},"end":{"line":7,"column":85}}],"line":7}},"s":{"0":1,"1":0,"2":0,"3":1},"f":{"0":0,"1":0},"b":{"0":[0,0]},"_coverageSchema":"332fd63041d2c1bcb487cc26dd0d5f7d97098a6c","hash":"07d9740164b79c6a6df23590a81ccfd42e286d5f"}
}
