TN:
SF:/Users/alexanderwiederin/Desktop/HackReactor/FEC/Review-Service/client/components/App.jsx
FN:8,(anonymous_0)
FN:23,(anonymous_1)
FN:27,(anonymous_2)
FN:30,(anonymous_3)
FN:37,(anonymous_4)
FN:38,(anonymous_5)
FN:41,(anonymous_6)
FN:42,(anonymous_7)
FN:46,(anonymous_8)
FN:52,(anonymous_9)
FNF:10
FNH:7
FNDA:8,(anonymous_0)
FNDA:8,(anonymous_1)
FNDA:8,(anonymous_2)
FNDA:0,(anonymous_3)
FNDA:4,(anonymous_4)
FNDA:4,(anonymous_5)
FNDA:0,(anonymous_6)
FNDA:0,(anonymous_7)
FNDA:12,(anonymous_8)
FNDA:4,(anonymous_9)
DA:9,8
DA:10,8
DA:17,8
DA:18,8
DA:19,8
DA:20,8
DA:24,8
DA:28,8
DA:29,8
DA:31,0
DA:32,0
DA:33,0
DA:38,4
DA:42,0
DA:43,0
DA:47,12
DA:48,12
DA:49,12
DA:50,12
DA:52,4
LF:20
LH:15
BRDA:51,0,0,3
BRDA:51,0,1,9
BRDA:60,1,0,3
BRDA:60,1,1,9
BRF:4
BRH:4
end_of_record
TN:
SF:/Users/alexanderwiederin/Desktop/HackReactor/FEC/Review-Service/client/components/OverallStars.jsx
FN:4,(anonymous_0)
FN:6,(anonymous_1)
FNF:2
FNH:2
FNDA:3,(anonymous_0)
FNDA:15,(anonymous_1)
DA:4,2
DA:5,3
DA:6,15
DA:11,2
LF:4
LH:4
BRDA:6,0,0,3
BRDA:6,0,1,12
BRF:2
BRH:2
end_of_record
TN:
SF:/Users/alexanderwiederin/Desktop/HackReactor/FEC/Review-Service/client/components/ReviewList.jsx
FN:7,(anonymous_0)
FN:15,(anonymous_1)
FN:16,(anonymous_2)
FN:19,(anonymous_3)
FN:26,(anonymous_4)
FN:29,(anonymous_5)
FN:37,(anonymous_6)
FN:40,(anonymous_7)
FNF:8
FNH:8
FNDA:6,(anonymous_0)
FNDA:3,(anonymous_1)
FNDA:3,(anonymous_2)
FNDA:9,(anonymous_3)
FNDA:6,(anonymous_4)
FNDA:1,(anonymous_5)
FNDA:10,(anonymous_6)
FNDA:2,(anonymous_7)
DA:8,6
DA:9,6
DA:12,6
DA:16,3
DA:20,9
DA:21,9
DA:22,9
DA:23,2
DA:26,6
DA:29,1
DA:34,7
DA:37,10
DA:40,2
DA:47,2
LF:14
LH:14
BRDA:22,0,0,2
BRDA:22,0,1,7
BRDA:40,1,0,5
BRDA:40,1,1,2
BRF:4
BRH:4
end_of_record
TN:
SF:/Users/alexanderwiederin/Desktop/HackReactor/FEC/Review-Service/client/components/ReviewListEntry.jsx
FN:8,(anonymous_0)
FN:16,(anonymous_1)
FN:17,(anonymous_2)
FN:20,(anonymous_3)
FN:46,(anonymous_4)
FN:55,(anonymous_5)
FNF:6
FNH:6
FNDA:3,(anonymous_0)
FNDA:3,(anonymous_1)
FNDA:3,(anonymous_2)
FNDA:6,(anonymous_3)
FNDA:1,(anonymous_4)
FNDA:2,(anonymous_5)
DA:9,3
DA:10,3
DA:13,3
DA:17,3
DA:21,6
DA:22,6
DA:23,6
DA:46,1
DA:55,2
DA:72,3
LF:10
LH:10
BRDA:36,0,0,6
BRDA:36,0,1,0
BRDA:40,1,0,2
BRDA:40,1,1,4
BRDA:41,2,0,2
BRDA:41,2,1,4
BRDA:44,3,0,2
BRDA:44,3,1,4
BRF:8
BRH:7
end_of_record
TN:
SF:/Users/alexanderwiederin/Desktop/HackReactor/FEC/Review-Service/client/components/ReviewStars.jsx
FN:4,(anonymous_0)
FN:6,(anonymous_1)
FNF:2
FNH:2
FNDA:1,(anonymous_0)
FNDA:5,(anonymous_1)
DA:4,4
DA:5,1
DA:6,5
DA:12,4
LF:4
LH:4
BRDA:6,0,0,4
BRDA:6,0,1,1
BRF:2
BRH:2
end_of_record
